12:11:45.017 INFO  SeleniumUtils -The  serviceMenu Menu is pressed
12:11:45.040 INFO  SeleniumUtils -Waiting for max:: 30 seconds for Go to service to be available
12:11:45.120 INFO  SeleniumUtils -The control took  -  80 to be loaded
12:11:45.284 INFO  SeleniumUtils -Waiting for max:: 30 seconds for  Go to service to be available
12:11:45.314 INFO  SeleniumUtils -The control took  -  30 to be loaded
12:11:45.315 INFO  SeleniumUtils -The  Go to service is pressed
12:11:45.330 INFO  SeleniumUtils -Waiting for max:: 30 seconds for  UserName Textbox to be available
12:11:50.851 INFO  SeleniumUtils -The control took  -  5521 to be loaded
12:11:51.002 INFO  SeleniumUtils -Theminhaeprod12 value is typed in the 'UserName' text box
12:11:51.005 INFO  SeleniumUtils -Waiting for max:: 30 seconds for  Password Textbox to be available
12:11:51.046 INFO  SeleniumUtils -The control took  -  41 to be loaded
12:11:51.159 INFO  SeleniumUtils -TheCerner01 value is typed in the 'Password Textbox' text box
12:11:51.162 INFO  SeleniumUtils -Waiting for max:: 30 seconds for  Login button to be available
12:11:51.191 INFO  SeleniumUtils -The control took  -  27 to be loaded
12:11:55.747 INFO  SeleniumUtils -Waiting for max:: 30 seconds for  Login button to be available
12:12:26.229 ERROR SeleniumUtils -The element Login button not appeared due toExpected condition failed: waiting for visibility of element located by By.xpath: .//button[@id="signin"] (tried for 30 second(s) with 500 milliseconds interval)
12:12:26.229 INFO  SeleniumUtils -The  Login button is pressed
12:12:26.234 INFO  SeleniumUtils -Waiting for max:: 30 seconds for appointments icon to be available
12:12:26.278 INFO  SeleniumUtils -The control took  -  44 to be loaded
12:12:32.083 INFO  SeleniumUtils -Waiting for max:: 30 seconds for appointments icon to be available
12:12:32.127 INFO  SeleniumUtils -The control took  -  44 to be loaded
12:12:32.127 INFO  SeleniumUtils -The appointments icon is pressed
12:12:32.131 INFO  SeleniumUtils -Waiting for max:: 30 seconds for schedule an appointment button to be available
12:12:32.163 INFO  SeleniumUtils -The control took  -  32 to be loaded
12:12:37.568 INFO  SeleniumUtils -Waiting for max:: 30 seconds for schedule an appointment button to be available
12:12:37.594 INFO  SeleniumUtils -The control took  -  26 to be loaded
12:12:37.595 INFO  SeleniumUtils -The schedule an appointment button is pressed
12:12:37.597 INFO  SeleniumUtils -Waiting for max:: 30 seconds for schedule an appointment button to be available
12:12:37.661 INFO  SeleniumUtils -The control took  -  63 to be loaded
12:12:37.814 INFO  SeleniumUtils -Waiting for max:: 30 seconds for schedule an appointment button to be available
12:12:37.842 INFO  SeleniumUtils -The control took  -  27 to be loaded
12:12:37.842 INFO  SeleniumUtils -The schedule an appointment button is pressed
12:12:37.845 INFO  SeleniumUtils -Waiting for max:: 30 seconds for schedule an appointment button to be available
12:12:37.875 INFO  SeleniumUtils -The control took  -  29 to be loaded
12:12:37.944 INFO  SeleniumUtils -Waiting for max:: 30 seconds for schedule an appointment button to be available
12:13:08.465 ERROR SeleniumUtils -The elementschedule an appointment button not appeared due toExpected condition failed: waiting for visibility of element located by By.xpath: .//li[text()='Dental'] (tried for 30 second(s) with 500 milliseconds interval)
Build info: version: '3.141.59', revision: 'e82be7d358', time: '2018-11-14T08:17:03'
System info: host: 'DESKTOP-R86KN5M', ip: '192.168.1.7', os.name: 'Windows 10', os.arch: 'amd64', os.version: '10.0', java.version: '13.0.1'
Driver info: org.openqa.selenium.chrome.ChromeDriver
Capabilities {acceptInsecureCerts: false, browserName: chrome, browserVersion: 83.0.4103.61, chrome: {chromedriverVersion: 83.0.4103.39 (ccbf011cb2d2b..., userDataDir: C:\Users\ZAHRAA~1\AppData\L...}, goog:chromeOptions: {debuggerAddress: localhost:58939}, javascriptEnabled: true, networkConnectionEnabled: false, pageLoadStrategy: normal, platform: WINDOWS, platformName: WINDOWS, proxy: Proxy(), setWindowRect: true, strictFileInteractability: false, timeouts: {implicit: 0, pageLoad: 300000, script: 30000}, unhandledPromptBehavior: dismiss and notify, webauthn:virtualAuthenticators: true}
Session ID: b74b32d20cbe965dbad8b4f3228d1b6b
12:13:08.466 INFO  SeleniumUtils -The schedule an appointment button is pressed
12:13:08.469 INFO  SeleniumUtils -Waiting for max:: 30 seconds for schedule an appointment button to be available
12:13:08.541 INFO  SeleniumUtils -The control took  -  72 to be loaded
12:13:12.517 INFO  SeleniumUtils -Waiting for max:: 30 seconds for schedule an appointment button to be available
12:13:42.921 ERROR SeleniumUtils -The elementschedule an appointment button not appeared due toExpected condition failed: waiting for visibility of element located by By.xpath: .//input[@value='Search' and @name='send'] (tried for 30 second(s) with 500 milliseconds interval)
12:13:42.922 INFO  SeleniumUtils -The schedule an appointment button is pressed
12:13:42.928 INFO  SeleniumUtils -Waiting for max:: 30 seconds for view all appointments button to be available
12:13:43.001 INFO  SeleniumUtils -The control took  -  73 to be loaded
12:14:01.185 INFO  SeleniumUtils -Waiting for max:: 30 seconds for view all appointments button to be available
12:14:31.541 ERROR SeleniumUtils -The elementview all appointments button not appeared due toExpected condition failed: waiting for visibility of element located by By.xpath: (//a[contains(text(),'View All Appointments')])[1] (tried for 30 second(s) with 500 milliseconds interval)
12:14:31.541 INFO  SeleniumUtils -The view all appointments button is pressed
12:14:31.543 INFO  SeleniumUtils -Waiting for max:: 30 seconds for select appointment button to be available
12:14:31.575 INFO  SeleniumUtils -The control took  -  32 to be loaded
12:14:35.337 INFO  SeleniumUtils -Waiting for max:: 30 seconds for select appointment button to be available
12:15:05.593 ERROR SeleniumUtils -The elementselect appointment button not appeared due toExpected condition failed: waiting for visibility of element located by By.xpath: (//button[contains(text(),'Select')])[1] (tried for 30 second(s) with 500 milliseconds interval)
12:15:05.594 INFO  SeleniumUtils -The select appointment button is pressed
12:15:05.602 INFO  SeleniumUtils -Waiting for max:: 30 seconds for confirm appointment button to be available
12:15:05.682 INFO  SeleniumUtils -The control took  -  80 to be loaded
12:15:07.032 INFO  SeleniumUtils -Waiting for max:: 30 seconds for confirm appointment button to be available
12:15:07.063 INFO  SeleniumUtils -The control took  -  31 to be loaded
12:15:07.064 INFO  SeleniumUtils -The confirm appointment button is pressed
12:15:30.178 INFO  TestBase -Web application opened
12:15:30.183 INFO  SeleniumUtils -Waiting for max:: 30 seconds for Close button of the welcome pop up to be available
12:15:30.219 INFO  SeleniumUtils -The control took  -  36 to be loaded
12:15:31.238 INFO  SeleniumUtils -Waiting for max:: 30 seconds for  The Welcome to Ministry of Health and Prevention Website close button to be available
12:15:31.276 INFO  SeleniumUtils -The control took  -  37 to be loaded
12:15:31.276 INFO  SeleniumUtils -The  The Welcome to Ministry of Health and Prevention Website close button is pressed
12:15:31.278 INFO  SeleniumUtils -Waiting for max:: 30 seconds for  serviceMenu Menu to be available
12:15:31.308 INFO  SeleniumUtils -The control took  -  30 to be loaded
12:15:31.620 INFO  SeleniumUtils -Waiting for max:: 30 seconds for  serviceMenu Menu to be available
12:15:31.691 INFO  SeleniumUtils -The control took  -  71 to be loaded
12:15:31.691 INFO  SeleniumUtils -The  serviceMenu Menu is pressed
12:15:31.693 INFO  SeleniumUtils -Waiting for max:: 30 seconds for  Service list item to be available
12:15:31.728 INFO  SeleniumUtils -The control took  -  34 to be loaded
12:15:34.406 INFO  SeleniumUtils -Waiting for max:: 30 seconds for  Service list item to be available
12:16:04.908 ERROR SeleniumUtils -The element Service list item not appeared due toExpected condition failed: waiting for visibility of element located by By.xpath: .//ul[@class='dropdown-menu']//a[text()='Services'] (tried for 30 second(s) with 500 milliseconds interval)
Build info: version: '3.141.59', revision: 'e82be7d358', time: '2018-11-14T08:17:03'
System info: host: 'DESKTOP-R86KN5M', ip: '192.168.1.7', os.name: 'Windows 10', os.arch: 'amd64', os.version: '10.0', java.version: '13.0.1'
Driver info: org.openqa.selenium.chrome.ChromeDriver
Capabilities {acceptInsecureCerts: false, browserName: chrome, browserVersion: 83.0.4103.61, chrome: {chromedriverVersion: 83.0.4103.39 (ccbf011cb2d2b..., userDataDir: C:\Users\ZAHRAA~1\AppData\L...}, goog:chromeOptions: {debuggerAddress: localhost:59084}, javascriptEnabled: true, networkConnectionEnabled: false, pageLoadStrategy: normal, platform: WINDOWS, platformName: WINDOWS, proxy: Proxy(), setWindowRect: true, strictFileInteractability: false, timeouts: {implicit: 0, pageLoad: 300000, script: 30000}, unhandledPromptBehavior: dismiss and notify, webauthn:virtualAuthenticators: true}
Session ID: 62f338659c27fe50a43995691d71f01e
12:16:04.908 INFO  SeleniumUtils -The  Service list item is pressed
12:16:04.916 INFO  SeleniumUtils -Waiting for max:: 30 seconds for  service search Textbox to be available
12:16:04.946 INFO  SeleniumUtils -The control took  -  30 to be loaded
12:16:05.412 INFO  SeleniumUtils -TheDental Treatment value is typed in the 'UserName' text box
12:16:05.414 INFO  SeleniumUtils -Waiting for max:: 30 seconds for  search result to be available
12:16:05.446 INFO  SeleniumUtils -The control took  -  31 to be loaded
12:16:08.996 INFO  SeleniumUtils -Waiting for max:: 30 seconds for  serviceMenu Menu to be available
12:16:39.133 ERROR SeleniumUtils -The element serviceMenu Menu not appeared due toExpected condition failed: waiting for visibility of element located by By.xpath: .//div[@id='searchResults']//span[text()='Dental Treatment'] (tried for 30 second(s) with 500 milliseconds interval)
12:16:39.133 INFO  SeleniumUtils -The  serviceMenu Menu is pressed
12:16:39.137 INFO  SeleniumUtils -Waiting for max:: 30 seconds for Go to service to be available
12:16:39.198 INFO  SeleniumUtils -The control took  -  61 to be loaded
12:16:42.095 INFO  SeleniumUtils -Waiting for max:: 30 seconds for  Go to service to be available
12:16:42.125 INFO  SeleniumUtils -The control took  -  30 to be loaded
12:16:42.126 INFO  SeleniumUtils -The  Go to service is pressed
12:16:42.135 INFO  SeleniumUtils -Waiting for max:: 30 seconds for  UserName Textbox to be available
12:16:47.382 INFO  SeleniumUtils -The control took  -  5246 to be loaded
12:16:47.498 INFO  SeleniumUtils -Theminhaeprod12 value is typed in the 'UserName' text box
12:16:47.500 INFO  SeleniumUtils -Waiting for max:: 30 seconds for  Password Textbox to be available
12:16:47.533 INFO  SeleniumUtils -The control took  -  33 to be loaded
12:16:47.692 INFO  SeleniumUtils -TheCerner01 value is typed in the 'Password Textbox' text box
12:16:47.695 INFO  SeleniumUtils -Waiting for max:: 30 seconds for  Login button to be available
12:16:47.734 INFO  SeleniumUtils -The control took  -  37 to be loaded
12:16:55.925 INFO  SeleniumUtils -Waiting for max:: 30 seconds for  Login button to be available
12:17:26.201 ERROR SeleniumUtils -The element Login button not appeared due toExpected condition failed: waiting for visibility of element located by By.xpath: .//button[@id="signin"] (tried for 30 second(s) with 500 milliseconds interval)
12:17:26.201 INFO  SeleniumUtils -The  Login button is pressed
12:17:26.204 INFO  SeleniumUtils -Waiting for max:: 30 seconds for appointments icon to be available
12:17:26.267 INFO  SeleniumUtils -The control took  -  63 to be loaded
12:17:34.282 INFO  SeleniumUtils -Waiting for max:: 30 seconds for appointments icon to be available
12:17:34.310 INFO  SeleniumUtils -The control took  -  28 to be loaded
12:17:34.310 INFO  SeleniumUtils -The appointments icon is pressed
12:17:34.312 INFO  SeleniumUtils -Waiting for max:: 30 seconds for schedule an appointment button to be available
12:17:34.344 INFO  SeleniumUtils -The control took  -  32 to be loaded
12:17:39.403 INFO  SeleniumUtils -Waiting for max:: 30 seconds for schedule an appointment button to be available
12:17:39.440 INFO  SeleniumUtils -The control took  -  37 to be loaded
12:17:39.440 INFO  SeleniumUtils -The schedule an appointment button is pressed
12:17:39.443 INFO  SeleniumUtils -Waiting for max:: 30 seconds for schedule an appointment button to be available
12:18:09.685 ERROR SeleniumUtils -The elementschedule an appointment button not appeared due toExpected condition failed: waiting for visibility of element located by By.xpath: .//span[@id='id_reason_id-button'] (tried for 30 second(s) with 500 milliseconds interval)
12:18:09.702 ERROR SeleniumUtils -The schedule an appointment button not pressed due to no such element: Unable to locate element: {"method":"xpath","selector":".//span[@id='id_reason_id-button']"}
  (Session info: chrome=83.0.4103.61)
For documentation on this error, please visit: https://www.seleniumhq.org/exceptions/no_such_element.html
Build info: version: '3.141.59', revision: 'e82be7d358', time: '2018-11-14T08:17:03'
System info: host: 'DESKTOP-R86KN5M', ip: '192.168.1.7', os.name: 'Windows 10', os.arch: 'amd64', os.version: '10.0', java.version: '13.0.1'
Driver info: org.openqa.selenium.chrome.ChromeDriver
Capabilities {acceptInsecureCerts: false, browserName: chrome, browserVersion: 83.0.4103.61, chrome: {chromedriverVersion: 83.0.4103.39 (ccbf011cb2d2b..., userDataDir: C:\Users\ZAHRAA~1\AppData\L...}, goog:chromeOptions: {debuggerAddress: localhost:59084}, javascriptEnabled: true, networkConnectionEnabled: false, pageLoadStrategy: normal, platform: WINDOWS, platformName: WINDOWS, proxy: Proxy(), setWindowRect: true, strictFileInteractability: false, timeouts: {implicit: 0, pageLoad: 300000, script: 30000}, unhandledPromptBehavior: dismiss and notify, webauthn:virtualAuthenticators: true}
Session ID: 62f338659c27fe50a43995691d71f01e
*** Element info: {Using=xpath, value=.//span[@id='id_reason_id-button']}
12:18:09.704 INFO  SeleniumUtils -Waiting for max:: 30 seconds for schedule an appointment button to be available
12:18:40.109 ERROR SeleniumUtils -The elementschedule an appointment button not appeared due toExpected condition failed: waiting for visibility of element located by By.xpath: .//li[text()='Dental'] (tried for 30 second(s) with 500 milliseconds interval)
12:18:40.135 ERROR SeleniumUtils -The schedule an appointment button not pressed due to no such element: Unable to locate element: {"method":"xpath","selector":".//li[text()='Dental']"}
  (Session info: chrome=83.0.4103.61)
For documentation on this error, please visit: https://www.seleniumhq.org/exceptions/no_such_element.html
Build info: version: '3.141.59', revision: 'e82be7d358', time: '2018-11-14T08:17:03'
System info: host: 'DESKTOP-R86KN5M', ip: '192.168.1.7', os.name: 'Windows 10', os.arch: 'amd64', os.version: '10.0', java.version: '13.0.1'
Driver info: org.openqa.selenium.chrome.ChromeDriver
Capabilities {acceptInsecureCerts: false, browserName: chrome, browserVersion: 83.0.4103.61, chrome: {chromedriverVersion: 83.0.4103.39 (ccbf011cb2d2b..., userDataDir: C:\Users\ZAHRAA~1\AppData\L...}, goog:chromeOptions: {debuggerAddress: localhost:59084}, javascriptEnabled: true, networkConnectionEnabled: false, pageLoadStrategy: normal, platform: WINDOWS, platformName: WINDOWS, proxy: Proxy(), setWindowRect: true, strictFileInteractability: false, timeouts: {implicit: 0, pageLoad: 300000, script: 30000}, unhandledPromptBehavior: dismiss and notify, webauthn:virtualAuthenticators: true}
Session ID: 62f338659c27fe50a43995691d71f01e
*** Element info: {Using=xpath, value=.//li[text()='Dental']}
12:18:40.141 INFO  SeleniumUtils -Waiting for max:: 30 seconds for schedule an appointment button to be available
12:19:10.157 ERROR SeleniumUtils -The elementschedule an appointment button not appeared due toExpected condition failed: waiting for visibility of element located by By.xpath: .//input[@value='Search' and @name='send'] (tried for 30 second(s) with 500 milliseconds interval)
12:19:10.182 ERROR SeleniumUtils -The schedule an appointment button not pressed due to no such element: Unable to locate element: {"method":"xpath","selector":".//input[@value='Search' and @name='send']"}
  (Session info: chrome=83.0.4103.61)
For documentation on this error, please visit: https://www.seleniumhq.org/exceptions/no_such_element.html
Build info: version: '3.141.59', revision: 'e82be7d358', time: '2018-11-14T08:17:03'
System info: host: 'DESKTOP-R86KN5M', ip: '192.168.1.7', os.name: 'Windows 10', os.arch: 'amd64', os.version: '10.0', java.version: '13.0.1'
Driver info: org.openqa.selenium.chrome.ChromeDriver
Capabilities {acceptInsecureCerts: false, browserName: chrome, browserVersion: 83.0.4103.61, chrome: {chromedriverVersion: 83.0.4103.39 (ccbf011cb2d2b..., userDataDir: C:\Users\ZAHRAA~1\AppData\L...}, goog:chromeOptions: {debuggerAddress: localhost:59084}, javascriptEnabled: true, networkConnectionEnabled: false, pageLoadStrategy: normal, platform: WINDOWS, platformName: WINDOWS, proxy: Proxy(), setWindowRect: true, strictFileInteractability: false, timeouts: {implicit: 0, pageLoad: 300000, script: 30000}, unhandledPromptBehavior: dismiss and notify, webauthn:virtualAuthenticators: true}
Session ID: 62f338659c27fe50a43995691d71f01e
*** Element info: {Using=xpath, value=.//input[@value='Search' and @name='send']}
12:19:10.187 INFO  SeleniumUtils -Waiting for max:: 30 seconds for view all appointments button to be available
12:19:40.560 ERROR SeleniumUtils -The elementview all appointments button not appeared due toExpected condition failed: waiting for visibility of element located by By.xpath: (//a[contains(text(),'View All Appointments')])[1] (tried for 30 second(s) with 500 milliseconds interval)
12:19:40.580 ERROR SeleniumUtils -The view all appointments button not pressed due to no such element: Unable to locate element: {"method":"xpath","selector":"(//a[contains(text(),'View All Appointments')])[1]"}
  (Session info: chrome=83.0.4103.61)
For documentation on this error, please visit: https://www.seleniumhq.org/exceptions/no_such_element.html
Build info: version: '3.141.59', revision: 'e82be7d358', time: '2018-11-14T08:17:03'
System info: host: 'DESKTOP-R86KN5M', ip: '192.168.1.7', os.name: 'Windows 10', os.arch: 'amd64', os.version: '10.0', java.version: '13.0.1'
Driver info: org.openqa.selenium.chrome.ChromeDriver
Capabilities {acceptInsecureCerts: false, browserName: chrome, browserVersion: 83.0.4103.61, chrome: {chromedriverVersion: 83.0.4103.39 (ccbf011cb2d2b..., userDataDir: C:\Users\ZAHRAA~1\AppData\L...}, goog:chromeOptions: {debuggerAddress: localhost:59084}, javascriptEnabled: true, networkConnectionEnabled: false, pageLoadStrategy: normal, platform: WINDOWS, platformName: WINDOWS, proxy: Proxy(), setWindowRect: true, strictFileInteractability: false, timeouts: {implicit: 0, pageLoad: 300000, script: 30000}, unhandledPromptBehavior: dismiss and notify, webauthn:virtualAuthenticators: true}
Session ID: 62f338659c27fe50a43995691d71f01e
*** Element info: {Using=xpath, value=(//a[contains(text(),'View All Appointments')])[1]}
12:19:40.583 INFO  SeleniumUtils -Waiting for max:: 30 seconds for select appointment button to be available
12:20:10.962 ERROR SeleniumUtils -The elementselect appointment button not appeared due toExpected condition failed: waiting for visibility of element located by By.xpath: (//button[contains(text(),'Select')])[1] (tried for 30 second(s) with 500 milliseconds interval)
12:20:10.977 ERROR SeleniumUtils -The select appointment button not pressed due to no such element: Unable to locate element: {"method":"xpath","selector":"(//button[contains(text(),'Select')])[1]"}
  (Session info: chrome=83.0.4103.61)
For documentation on this error, please visit: https://www.seleniumhq.org/exceptions/no_such_element.html
Build info: version: '3.141.59', revision: 'e82be7d358', time: '2018-11-14T08:17:03'
System info: host: 'DESKTOP-R86KN5M', ip: '192.168.1.7', os.name: 'Windows 10', os.arch: 'amd64', os.version: '10.0', java.version: '13.0.1'
Driver info: org.openqa.selenium.chrome.ChromeDriver
Capabilities {acceptInsecureCerts: false, browserName: chrome, browserVersion: 83.0.4103.61, chrome: {chromedriverVersion: 83.0.4103.39 (ccbf011cb2d2b..., userDataDir: C:\Users\ZAHRAA~1\AppData\L...}, goog:chromeOptions: {debuggerAddress: localhost:59084}, javascriptEnabled: true, networkConnectionEnabled: false, pageLoadStrategy: normal, platform: WINDOWS, platformName: WINDOWS, proxy: Proxy(), setWindowRect: true, strictFileInteractability: false, timeouts: {implicit: 0, pageLoad: 300000, script: 30000}, unhandledPromptBehavior: dismiss and notify, webauthn:virtualAuthenticators: true}
Session ID: 62f338659c27fe50a43995691d71f01e
*** Element info: {Using=xpath, value=(//button[contains(text(),'Select')])[1]}
12:20:10.981 INFO  SeleniumUtils -Waiting for max:: 30 seconds for confirm appointment button to be available
12:20:41.353 ERROR SeleniumUtils -The elementconfirm appointment button not appeared due toExpected condition failed: waiting for visibility of element located by By.xpath: (//button[contains(text(),'Confirm your appointment')])[1] (tried for 30 second(s) with 500 milliseconds interval)
12:20:41.368 ERROR SeleniumUtils -The confirm appointment button not pressed due to no such element: Unable to locate element: {"method":"xpath","selector":"(//button[contains(text(),'Confirm your appointment')])[1]"}
  (Session info: chrome=83.0.4103.61)
For documentation on this error, please visit: https://www.seleniumhq.org/exceptions/no_such_element.html
Build info: version: '3.141.59', revision: 'e82be7d358', time: '2018-11-14T08:17:03'
System info: host: 'DESKTOP-R86KN5M', ip: '192.168.1.7', os.name: 'Windows 10', os.arch: 'amd64', os.version: '10.0', java.version: '13.0.1'
Driver info: org.openqa.selenium.chrome.ChromeDriver
Capabilities {acceptInsecureCerts: false, browserName: chrome, browserVersion: 83.0.4103.61, chrome: {chromedriverVersion: 83.0.4103.39 (ccbf011cb2d2b..., userDataDir: C:\Users\ZAHRAA~1\AppData\L...}, goog:chromeOptions: {debuggerAddress: localhost:59084}, javascriptEnabled: true, networkConnectionEnabled: false, pageLoadStrategy: normal, platform: WINDOWS, platformName: WINDOWS, proxy: Proxy(), setWindowRect: true, strictFileInteractability: false, timeouts: {implicit: 0, pageLoad: 300000, script: 30000}, unhandledPromptBehavior: dismiss and notify, webauthn:virtualAuthenticators: true}
Session ID: 62f338659c27fe50a43995691d71f01e
*** Element info: {Using=xpath, value=(//button[contains(text(),'Confirm your appointment')])[1]}
12:21:01.965 INFO  TestBase -Web application opened
12:21:01.970 INFO  SeleniumUtils -Waiting for max:: 30 seconds for Close button of the welcome pop up to be available
12:21:02.009 INFO  SeleniumUtils -The control took  -  39 to be loaded
12:21:02.962 INFO  SeleniumUtils -Waiting for max:: 30 seconds for  The Welcome to Ministry of Health and Prevention Website close button to be available
12:21:02.994 INFO  SeleniumUtils -The control took  -  32 to be loaded
12:21:02.995 INFO  SeleniumUtils -The  The Welcome to Ministry of Health and Prevention Website close button is pressed
12:21:02.997 INFO  SeleniumUtils -Waiting for max:: 30 seconds for  serviceMenu Menu to be available
12:21:03.029 INFO  SeleniumUtils -The control took  -  32 to be loaded
12:21:03.396 INFO  SeleniumUtils -Waiting for max:: 30 seconds for  serviceMenu Menu to be available
12:21:03.420 INFO  SeleniumUtils -The control took  -  24 to be loaded
12:21:03.420 INFO  SeleniumUtils -The  serviceMenu Menu is pressed
12:21:03.422 INFO  SeleniumUtils -Waiting for max:: 30 seconds for  Service list item to be available
12:21:03.460 INFO  SeleniumUtils -The control took  -  38 to be loaded
12:21:06.193 INFO  SeleniumUtils -Waiting for max:: 30 seconds for  Service list item to be available
12:21:36.309 ERROR SeleniumUtils -The element Service list item not appeared due toExpected condition failed: waiting for visibility of element located by By.xpath: .//ul[@class='dropdown-menu']//a[text()='Services'] (tried for 30 second(s) with 500 milliseconds interval)
Build info: version: '3.141.59', revision: 'e82be7d358', time: '2018-11-14T08:17:03'
System info: host: 'DESKTOP-R86KN5M', ip: '192.168.1.7', os.name: 'Windows 10', os.arch: 'amd64', os.version: '10.0', java.version: '13.0.1'
Driver info: org.openqa.selenium.chrome.ChromeDriver
Capabilities {acceptInsecureCerts: false, browserName: chrome, browserVersion: 83.0.4103.61, chrome: {chromedriverVersion: 83.0.4103.39 (ccbf011cb2d2b..., userDataDir: C:\Users\ZAHRAA~1\AppData\L...}, goog:chromeOptions: {debuggerAddress: localhost:59200}, javascriptEnabled: true, networkConnectionEnabled: false, pageLoadStrategy: normal, platform: WINDOWS, platformName: WINDOWS, proxy: Proxy(), setWindowRect: true, strictFileInteractability: false, timeouts: {implicit: 0, pageLoad: 300000, script: 30000}, unhandledPromptBehavior: dismiss and notify, webauthn:virtualAuthenticators: true}
Session ID: 66ee94969255bbc41273b7811af35202
12:21:36.310 INFO  SeleniumUtils -The  Service list item is pressed
12:21:36.359 INFO  SeleniumUtils -Waiting for max:: 30 seconds for  service search Textbox to be available
12:21:36.412 INFO  SeleniumUtils -The control took  -  52 to be loaded
12:21:36.903 INFO  SeleniumUtils -TheDental Treatment value is typed in the 'UserName' text box
12:21:36.906 INFO  SeleniumUtils -Waiting for max:: 30 seconds for  search result to be available
12:21:36.934 INFO  SeleniumUtils -The control took  -  28 to be loaded
12:21:38.948 INFO  SeleniumUtils -Waiting for max:: 30 seconds for  serviceMenu Menu to be available
12:22:09.264 ERROR SeleniumUtils -The element serviceMenu Menu not appeared due toExpected condition failed: waiting for visibility of element located by By.xpath: .//div[@id='searchResults']//span[text()='Dental Treatment'] (tried for 30 second(s) with 500 milliseconds interval)
12:22:09.264 INFO  SeleniumUtils -The  serviceMenu Menu is pressed
12:22:09.270 INFO  SeleniumUtils -Waiting for max:: 30 seconds for Go to service to be available
12:22:09.345 INFO  SeleniumUtils -The control took  -  75 to be loaded
12:22:09.472 INFO  SeleniumUtils -Waiting for max:: 30 seconds for  Go to service to be available
12:22:09.501 INFO  SeleniumUtils -The control took  -  29 to be loaded
12:22:09.501 INFO  SeleniumUtils -The  Go to service is pressed
12:22:09.513 INFO  SeleniumUtils -Waiting for max:: 30 seconds for  UserName Textbox to be available
12:22:15.142 INFO  SeleniumUtils -The control took  -  5628 to be loaded
12:22:15.286 INFO  SeleniumUtils -Theminhaeprod12 value is typed in the 'UserName' text box
12:22:15.288 INFO  SeleniumUtils -Waiting for max:: 30 seconds for  Password Textbox to be available
12:22:15.322 INFO  SeleniumUtils -The control took  -  33 to be loaded
12:22:15.434 INFO  SeleniumUtils -TheCerner01 value is typed in the 'Password Textbox' text box
12:22:15.436 INFO  SeleniumUtils -Waiting for max:: 30 seconds for  Login button to be available
12:22:15.464 INFO  SeleniumUtils -The control took  -  28 to be loaded
12:22:19.781 INFO  SeleniumUtils -Waiting for max:: 30 seconds for  Login button to be available
12:22:50.087 ERROR SeleniumUtils -The element Login button not appeared due toExpected condition failed: waiting for visibility of element located by By.xpath: .//button[@id="signin"] (tried for 30 second(s) with 500 milliseconds interval)
12:22:50.087 INFO  SeleniumUtils -The  Login button is pressed
12:22:50.089 INFO  SeleniumUtils -Waiting for max:: 30 seconds for appointments icon to be available
12:22:50.122 INFO  SeleniumUtils -The control took  -  33 to be loaded
12:22:53.448 INFO  SeleniumUtils -Waiting for max:: 30 seconds for appointments icon to be available
12:22:53.477 INFO  SeleniumUtils -The control took  -  29 to be loaded
12:22:53.477 INFO  SeleniumUtils -The appointments icon is pressed
12:22:53.479 INFO  SeleniumUtils -Waiting for max:: 30 seconds for schedule an appointment button to be available
12:22:53.506 INFO  SeleniumUtils -The control took  -  27 to be loaded
12:22:55.201 INFO  SeleniumUtils -Waiting for max:: 30 seconds for schedule an appointment button to be available
12:22:55.228 INFO  SeleniumUtils -The control took  -  27 to be loaded
12:22:55.228 INFO  SeleniumUtils -The schedule an appointment button is pressed
12:22:55.230 INFO  SeleniumUtils -Waiting for max:: 30 seconds for schedule an appointment button to be available
12:22:55.259 INFO  SeleniumUtils -The control took  -  29 to be loaded
12:22:55.370 INFO  SeleniumUtils -Waiting for max:: 30 seconds for schedule an appointment button to be available
12:22:55.395 INFO  SeleniumUtils -The control took  -  25 to be loaded
12:22:55.396 INFO  SeleniumUtils -The schedule an appointment button is pressed
12:22:55.397 INFO  SeleniumUtils -Waiting for max:: 30 seconds for schedule an appointment button to be available
12:22:55.425 INFO  SeleniumUtils -The control took  -  28 to be loaded
12:22:55.490 INFO  SeleniumUtils -Waiting for max:: 30 seconds for schedule an appointment button to be available
12:23:25.881 ERROR SeleniumUtils -The elementschedule an appointment button not appeared due toExpected condition failed: waiting for visibility of element located by By.xpath: .//li[text()='Dental'] (tried for 30 second(s) with 500 milliseconds interval)
Build info: version: '3.141.59', revision: 'e82be7d358', time: '2018-11-14T08:17:03'
System info: host: 'DESKTOP-R86KN5M', ip: '192.168.1.7', os.name: 'Windows 10', os.arch: 'amd64', os.version: '10.0', java.version: '13.0.1'
Driver info: org.openqa.selenium.chrome.ChromeDriver
Capabilities {acceptInsecureCerts: false, browserName: chrome, browserVersion: 83.0.4103.61, chrome: {chromedriverVersion: 83.0.4103.39 (ccbf011cb2d2b..., userDataDir: C:\Users\ZAHRAA~1\AppData\L...}, goog:chromeOptions: {debuggerAddress: localhost:59200}, javascriptEnabled: true, networkConnectionEnabled: false, pageLoadStrategy: normal, platform: WINDOWS, platformName: WINDOWS, proxy: Proxy(), setWindowRect: true, strictFileInteractability: false, timeouts: {implicit: 0, pageLoad: 300000, script: 30000}, unhandledPromptBehavior: dismiss and notify, webauthn:virtualAuthenticators: true}
Session ID: 66ee94969255bbc41273b7811af35202
12:23:25.881 INFO  SeleniumUtils -The schedule an appointment button is pressed
12:23:25.885 INFO  SeleniumUtils -Waiting for max:: 30 seconds for schedule an appointment button to be available
12:23:25.934 INFO  SeleniumUtils -The control took  -  49 to be loaded
12:23:27.501 INFO  SeleniumUtils -Waiting for max:: 30 seconds for schedule an appointment button to be available
12:23:57.819 ERROR SeleniumUtils -The elementschedule an appointment button not appeared due toExpected condition failed: waiting for visibility of element located by By.xpath: .//input[@value='Search' and @name='send'] (tried for 30 second(s) with 500 milliseconds interval)
12:23:57.820 INFO  SeleniumUtils -The schedule an appointment button is pressed
12:23:57.825 INFO  SeleniumUtils -Waiting for max:: 30 seconds for view all appointments button to be available
12:23:57.880 INFO  SeleniumUtils -The control took  -  55 to be loaded
12:24:02.927 INFO  SeleniumUtils -Waiting for max:: 30 seconds for view all appointments button to be available
12:24:33.164 ERROR SeleniumUtils -The elementview all appointments button not appeared due toExpected condition failed: waiting for visibility of element located by By.xpath: (//a[contains(text(),'View All Appointments')])[1] (tried for 30 second(s) with 500 milliseconds interval)
12:24:33.165 INFO  SeleniumUtils -The view all appointments button is pressed
12:24:33.170 INFO  SeleniumUtils -Waiting for max:: 30 seconds for select appointment button to be available
12:24:33.256 INFO  SeleniumUtils -The control took  -  86 to be loaded
12:24:34.971 INFO  SeleniumUtils -Waiting for max:: 30 seconds for select appointment button to be available
12:25:05.025 ERROR SeleniumUtils -The elementselect appointment button not appeared due toExpected condition failed: waiting for visibility of element located by By.xpath: (//button[contains(text(),'Select')])[1] (tried for 30 second(s) with 500 milliseconds interval)
12:25:05.025 INFO  SeleniumUtils -The select appointment button is pressed
12:25:05.030 INFO  SeleniumUtils -Waiting for max:: 30 seconds for confirm appointment button to be available
12:25:05.084 INFO  SeleniumUtils -The control took  -  54 to be loaded
12:25:07.035 INFO  SeleniumUtils -Waiting for max:: 30 seconds for confirm appointment button to be available
12:25:07.065 INFO  SeleniumUtils -The control took  -  29 to be loaded
12:25:07.065 INFO  SeleniumUtils -The confirm appointment button is pressed
12:25:07.067 INFO  SeleniumUtils -Waiting for max:: 30 seconds for contact by phone radio button to be available
12:25:07.095 INFO  SeleniumUtils -The control took  -  28 to be loaded
12:25:07.216 INFO  SeleniumUtils -Waiting for max:: 30 seconds for contact by phone radio button to be available
12:25:07.239 INFO  SeleniumUtils -The control took  -  23 to be loaded
12:25:07.240 INFO  SeleniumUtils -The contact by phone radio button is pressed
12:25:07.241 INFO  SeleniumUtils -Waiting for max:: 30 seconds for confirm appointment button to be available
12:25:07.261 INFO  SeleniumUtils -The control took  -  20 to be loaded
12:25:09.265 INFO  SeleniumUtils -Waiting for max:: 30 seconds for confirm appointment button to be available
12:25:09.289 INFO  SeleniumUtils -The control took  -  24 to be loaded
12:25:09.289 INFO  SeleniumUtils -The confirm appointment button is pressed
12:29:12.588 INFO  TestBase -Web application opened
12:29:12.614 INFO  SeleniumUtils -Waiting for max:: 30 seconds for Close button of the welcome pop up to be available
12:29:12.678 INFO  SeleniumUtils -The control took  -  62 to be loaded
12:29:13.641 INFO  SeleniumUtils -Waiting for max:: 30 seconds for  The Welcome to Ministry of Health and Prevention Website close button to be available
12:29:13.704 INFO  SeleniumUtils -The control took  -  63 to be loaded
12:29:13.704 INFO  SeleniumUtils -The  The Welcome to Ministry of Health and Prevention Website close button is pressed
12:29:13.712 INFO  SeleniumUtils -Waiting for max:: 30 seconds for  serviceMenu Menu to be available
12:29:13.750 INFO  SeleniumUtils -The control took  -  38 to be loaded
12:29:14.032 INFO  SeleniumUtils -Waiting for max:: 30 seconds for  serviceMenu Menu to be available
12:29:14.062 INFO  SeleniumUtils -The control took  -  30 to be loaded
12:29:14.062 INFO  SeleniumUtils -The  serviceMenu Menu is pressed
12:29:14.066 INFO  SeleniumUtils -Waiting for max:: 30 seconds for  Service list item to be available
12:29:14.099 INFO  SeleniumUtils -The control took  -  33 to be loaded
12:29:17.985 INFO  SeleniumUtils -Waiting for max:: 30 seconds for  Service list item to be available
12:29:48.473 ERROR SeleniumUtils -The element Service list item not appeared due toExpected condition failed: waiting for visibility of element located by By.xpath: .//ul[@class='dropdown-menu']//a[text()='Services'] (tried for 30 second(s) with 500 milliseconds interval)
Build info: version: '3.141.59', revision: 'e82be7d358', time: '2018-11-14T08:17:03'
System info: host: 'DESKTOP-R86KN5M', ip: '192.168.1.7', os.name: 'Windows 10', os.arch: 'amd64', os.version: '10.0', java.version: '13.0.1'
Driver info: org.openqa.selenium.chrome.ChromeDriver
Capabilities {acceptInsecureCerts: false, browserName: chrome, browserVersion: 83.0.4103.61, chrome: {chromedriverVersion: 83.0.4103.39 (ccbf011cb2d2b..., userDataDir: C:\Users\ZAHRAA~1\AppData\L...}, goog:chromeOptions: {debuggerAddress: localhost:59335}, javascriptEnabled: true, networkConnectionEnabled: false, pageLoadStrategy: normal, platform: WINDOWS, platformName: WINDOWS, proxy: Proxy(), setWindowRect: true, strictFileInteractability: false, timeouts: {implicit: 0, pageLoad: 300000, script: 30000}, unhandledPromptBehavior: dismiss and notify, webauthn:virtualAuthenticators: true}
Session ID: ae77a57b45062d9cf845d6448b7669a7
12:29:48.474 INFO  SeleniumUtils -The  Service list item is pressed
12:29:48.486 INFO  SeleniumUtils -Waiting for max:: 30 seconds for  service search Textbox to be available
12:29:48.516 INFO  SeleniumUtils -The control took  -  30 to be loaded
12:29:48.998 INFO  SeleniumUtils -TheDental Treatment value is typed in the 'UserName' text box
12:29:49.001 INFO  SeleniumUtils -Waiting for max:: 30 seconds for  search result to be available
12:29:49.031 INFO  SeleniumUtils -The control took  -  30 to be loaded
12:29:51.938 INFO  SeleniumUtils -Waiting for max:: 30 seconds for  serviceMenu Menu to be available
12:30:22.385 ERROR SeleniumUtils -The element serviceMenu Menu not appeared due toExpected condition failed: waiting for visibility of element located by By.xpath: .//div[@id='searchResults']//span[text()='Dental Treatment'] (tried for 30 second(s) with 500 milliseconds interval)
12:30:22.386 INFO  SeleniumUtils -The  serviceMenu Menu is pressed
12:30:22.400 INFO  SeleniumUtils -Waiting for max:: 30 seconds for Go to service to be available
12:30:22.457 INFO  SeleniumUtils -The control took  -  56 to be loaded
12:30:22.582 INFO  SeleniumUtils -Waiting for max:: 30 seconds for  Go to service to be available
12:30:22.613 INFO  SeleniumUtils -The control took  -  31 to be loaded
12:30:22.614 INFO  SeleniumUtils -The  Go to service is pressed
12:30:22.631 INFO  SeleniumUtils -Waiting for max:: 30 seconds for  UserName Textbox to be available
12:30:31.120 INFO  SeleniumUtils -The control took  -  8489 to be loaded
12:30:31.264 INFO  SeleniumUtils -Theminhaeprod12 value is typed in the 'UserName' text box
12:30:31.266 INFO  SeleniumUtils -Waiting for max:: 30 seconds for  Password Textbox to be available
12:30:31.300 INFO  SeleniumUtils -The control took  -  33 to be loaded
12:30:31.419 INFO  SeleniumUtils -TheCerner01 value is typed in the 'Password Textbox' text box
12:30:31.423 INFO  SeleniumUtils -Waiting for max:: 30 seconds for  Login button to be available
12:30:31.452 INFO  SeleniumUtils -The control took  -  29 to be loaded
12:30:38.086 INFO  SeleniumUtils -Waiting for max:: 30 seconds for  Login button to be available
